<?xml version="1.0" encoding="UTF-8"?>
<!-- Generated by org.testng.reporters.JUnitReportReporter -->
<testsuite hostname="nw45136" failures="0" tests="3" name="banking.AccountNGTest" time="0.183" errors="1" timestamp="18 Mar 2021 04:22:26 GMT">
  <testcase classname="banking.AccountNGTest" name="testGenerateStatement" time="0.124">
    <error message="expected [Name: Potts, Pepper
Date of Birth: 10/20/1990
Account Number: 3454543934
Account Information:-   Interest Rate: 5.80%
Transaction Limit for withdrawal: No Limit
-------------------------------------------------------------------------------
Transaction Type    Transaction Time         Amount          Additional Charges       Status    

DEPOSIT             2021-01-22T01:05:12      100.00          0.00                     SUCCESS   

WITHDRAW            2021-02-11T11:05:31      300.00          0.00                     FAILED    

WITHDRAW            2021-02-25T09:05:12      400.00          0.00                     FAILED    

DEPOSIT             2021-03-01T11:32:11      200.00          0.00                     SUCCESS   

ONLINEPURCHASE      2020-10-03T07:02:23      136.65          1.99                     SUCCESS   

WITHDRAW            2021-03-18T10:01:45      300.00          0.00                     FAILED    

ONLINEPURCHASE      2021-03-22T12:01:01      209.84          0.00                     FAILED    

ONLINEPURCHASE      2021-03-25T12:02:01      7.99            1.99                     SUCCESS   

WITHDRAW            2021-03-28T14:25:12      300.00          0.00                     FAILED    

-------------------------------------------------------------------------------
Current Balance: 151.38     Interest: $8.78
************************************************************************] but found [
Name: Potts, Pepper
Date of Birth: 10/20/1990
Account Number: 3454543934
Account Information:-   Interest Rate: 5.80%
Transaction Limit for withdrawal: No Limit
-------------------------------------------------------------------------------
Transaction Type    Transaction Time         Amount          Additional Charges       Status    

DEPOSIT             2021-01-22T01:05:12      100.00          0.00                     SUCCESS   

WITHDRAW            2021-02-11T11:05:31      300.00          0.00                     FAILED    

WITHDRAW            2021-02-25T09:05:12      400.00          0.00                     FAILED    

DEPOSIT             2021-03-01T11:32:11      200.00          0.00                     SUCCESS   

ONLINEPURCHASE      2020-10-03T07:02:23      136.65          1.99                     SUCCESS   

WITHDRAW            2021-03-18T10:01:45      300.00          0.00                     FAILED    

ONLINEPURCHASE      2021-03-22T12:01:01      209.84          0.00                     FAILED    

ONLINEPURCHASE      2021-03-25T12:02:01      7.99            1.99                     SUCCESS   

WITHDRAW            2021-03-28T14:25:12      300.00          0.00                     FAILED    

-------------------------------------------------------------------------------
Current Balance: 151.38     Interest: $8.78
************************************************************************]" type="java.lang.AssertionError">
      <![CDATA[java.lang.AssertionError: expected [Name: Potts, Pepper
Date of Birth: 10/20/1990
Account Number: 3454543934
Account Information:-   Interest Rate: 5.80%
Transaction Limit for withdrawal: No Limit
-------------------------------------------------------------------------------
Transaction Type    Transaction Time         Amount          Additional Charges       Status    

DEPOSIT             2021-01-22T01:05:12      100.00          0.00                     SUCCESS   

WITHDRAW            2021-02-11T11:05:31      300.00          0.00                     FAILED    

WITHDRAW            2021-02-25T09:05:12      400.00          0.00                     FAILED    

DEPOSIT             2021-03-01T11:32:11      200.00          0.00                     SUCCESS   

ONLINEPURCHASE      2020-10-03T07:02:23      136.65          1.99                     SUCCESS   

WITHDRAW            2021-03-18T10:01:45      300.00          0.00                     FAILED    

ONLINEPURCHASE      2021-03-22T12:01:01      209.84          0.00                     FAILED    

ONLINEPURCHASE      2021-03-25T12:02:01      7.99            1.99                     SUCCESS   

WITHDRAW            2021-03-28T14:25:12      300.00          0.00                     FAILED    

-------------------------------------------------------------------------------
Current Balance: 151.38     Interest: $8.78
************************************************************************] but found [
Name: Potts, Pepper
Date of Birth: 10/20/1990
Account Number: 3454543934
Account Information:-   Interest Rate: 5.80%
Transaction Limit for withdrawal: No Limit
-------------------------------------------------------------------------------
Transaction Type    Transaction Time         Amount          Additional Charges       Status    

DEPOSIT             2021-01-22T01:05:12      100.00          0.00                     SUCCESS   

WITHDRAW            2021-02-11T11:05:31      300.00          0.00                     FAILED    

WITHDRAW            2021-02-25T09:05:12      400.00          0.00                     FAILED    

DEPOSIT             2021-03-01T11:32:11      200.00          0.00                     SUCCESS   

ONLINEPURCHASE      2020-10-03T07:02:23      136.65          1.99                     SUCCESS   

WITHDRAW            2021-03-18T10:01:45      300.00          0.00                     FAILED    

ONLINEPURCHASE      2021-03-22T12:01:01      209.84          0.00                     FAILED    

ONLINEPURCHASE      2021-03-25T12:02:01      7.99            1.99                     SUCCESS   

WITHDRAW            2021-03-28T14:25:12      300.00          0.00                     FAILED    

-------------------------------------------------------------------------------
Current Balance: 151.38     Interest: $8.78
************************************************************************]
	at org.testng.Assert.fail(Assert.java:94)
	at org.testng.Assert.failNotEquals(Assert.java:494)
	at org.testng.Assert.assertEquals(Assert.java:123)
	at org.testng.Assert.assertEquals(Assert.java:176)
	at org.testng.Assert.assertEquals(Assert.java:186)
	at banking.AccountNGTest.testGenerateStatement(AccountNGTest.java:123)
	at java.base/jdk.internal.reflect.NativeMethodAccessorImpl.invoke0(Native Method)
	at java.base/jdk.internal.reflect.NativeMethodAccessorImpl.invoke(NativeMethodAccessorImpl.java:62)
	at java.base/jdk.internal.reflect.DelegatingMethodAccessorImpl.invoke(DelegatingMethodAccessorImpl.java:43)
	at java.base/java.lang.reflect.Method.invoke(Method.java:566)
	at org.testng.internal.MethodInvocationHelper.invokeMethod(MethodInvocationHelper.java:84)
	at org.testng.internal.Invoker.invokeMethod(Invoker.java:714)
	at org.testng.internal.Invoker.invokeTestMethod(Invoker.java:901)
	at org.testng.internal.Invoker.invokeTestMethods(Invoker.java:1231)
	at org.testng.internal.TestMethodWorker.invokeTestMethods(TestMethodWorker.java:127)
	at org.testng.internal.TestMethodWorker.run(TestMethodWorker.java:111)
	at org.testng.TestRunner.privateRun(TestRunner.java:767)
	at org.testng.TestRunner.run(TestRunner.java:617)
	at org.testng.SuiteRunner.runTest(SuiteRunner.java:334)
	at org.testng.SuiteRunner.runSequentially(SuiteRunner.java:329)
	at org.testng.SuiteRunner.privateRun(SuiteRunner.java:291)
	at org.testng.SuiteRunner.run(SuiteRunner.java:240)
	at org.testng.SuiteRunnerWorker.runSuite(SuiteRunnerWorker.java:52)
	at org.testng.SuiteRunnerWorker.run(SuiteRunnerWorker.java:86)
	at org.testng.TestNG.runSuitesSequentially(TestNG.java:1224)
	at org.testng.TestNG.runSuitesLocally(TestNG.java:1149)
	at org.testng.TestNG.run(TestNG.java:1057)
	at org.testng.TestNG.privateMain(TestNG.java:1364)
	at org.testng.TestNG.main(TestNG.java:1333)
]]>
    </error>
  </testcase> <!-- testGenerateStatement -->
  <testcase classname="banking.AccountNGTest" name="testMakeTransaction" time="0.005"/>
  <testcase classname="banking.AccountNGTest" name="testGetNoofWithdrawals" time="0.054"/>
</testsuite> <!-- banking.AccountNGTest -->
