<!DOCTYPE html PUBLIC "-//W3C//DTD XHTML 1.1//EN" "http://www.w3.org/TR/xhtml11/DTD/xhtml11.dtd">
<html xmlns="http://www.w3.org/1999/xhtml"><head><title>TestNG Report</title><style type="text/css">table {margin-bottom:10px;border-collapse:collapse;empty-cells:show}th,td {border:1px solid #009;padding:.25em .5em}th {vertical-align:bottom}td {vertical-align:top}table a {font-weight:bold}.stripe td {background-color: #E6EBF9}.num {text-align:right}.passedodd td {background-color: #3F3}.passedeven td {background-color: #0A0}.skippedodd td {background-color: #DDD}.skippedeven td {background-color: #CCC}.failedodd td,.attn {background-color: #F33}.failedeven td,.stripe .attn {background-color: #D00}.stacktrace {white-space:pre;font-family:monospace}.totop {font-size:85%;text-align:center;border-bottom:2px solid #000}</style></head><body><table><tr><th>Test</th><th># Passed</th><th># Skipped</th><th># Failed</th><th>Time (ms)</th><th>Included Groups</th><th>Excluded Groups</th></tr><tr><th colspan="7">Jarugula_Lab06NGTesting</th></tr><tr><td><a href="#t0">TestNG tests</a></td><td class="num">1</td><td class="num">0</td><td class="num attn">6</td><td class="num">244</td><td></td><td></td></tr></table><table><thead><tr><th>Class</th><th>Method</th><th>Start</th><th>Time (ms)</th></tr></thead><tbody><tr><th colspan="4">Jarugula_Lab06NGTesting</th></tr></tbody><tbody id="t0"><tr><th colspan="4">TestNG tests &#8212; failed</th></tr><tr class="failedeven"><td rowspan="6">banking.TransactionNGTest</td><td><a href="#m0">testGetAmount</a></td><td rowspan="1">1616043168291</td><td rowspan="1">1</td></tr><tr class="failedeven"><td><a href="#m1">testGetStatus</a></td><td rowspan="1">1616043168296</td><td rowspan="1">0</td></tr><tr class="failedeven"><td><a href="#m2">testGetTransactionTime</a></td><td rowspan="1">1616043168298</td><td rowspan="1">3</td></tr><tr class="failedeven"><td><a href="#m3">testGetTransactionType</a></td><td rowspan="1">1616043168303</td><td rowspan="1">1</td></tr><tr class="failedeven"><td><a href="#m4">testSetStatus</a></td><td rowspan="1">1616043168346</td><td rowspan="1">2</td></tr><tr class="failedeven"><td><a href="#m5">testToString</a></td><td rowspan="1">1616043168357</td><td rowspan="1">96</td></tr><tr><th colspan="4">TestNG tests &#8212; passed</th></tr><tr class="passedeven"><td rowspan="1">banking.TransactionNGTest</td><td><a href="#m6">testGetAdditionalCharges</a></td><td rowspan="1">1616043168287</td><td rowspan="1">2</td></tr></tbody></table><h2>TestNG tests</h2><h3 id="m0">banking.TransactionNGTest#testGetAmount</h3><table class="result"><tr><th>Exception</th></tr><tr><td><div class="stacktrace">java.lang.AssertionError: The test case is a prototype.
	at banking.TransactionNGTest.testGetAmount(TransactionNGTest.java:88)
... Removed 24 stack frames</div></td></tr></table><p class="totop"><a href="#summary">back to summary</a></p><h3 id="m1">banking.TransactionNGTest#testGetStatus</h3><table class="result"><tr><th>Exception</th></tr><tr><td><div class="stacktrace">java.lang.NullPointerException
	at banking.TransactionNGTest.testGetStatus(TransactionNGTest.java:101)
... Removed 23 stack frames</div></td></tr></table><p class="totop"><a href="#summary">back to summary</a></p><h3 id="m2">banking.TransactionNGTest#testGetTransactionTime</h3><table class="result"><tr><th>Exception</th></tr><tr><td><div class="stacktrace">java.lang.AssertionError: expected [null] but found [2021-02-02T08:42:02]
	at banking.TransactionNGTest.testGetTransactionTime(TransactionNGTest.java:129)
... Removed 27 stack frames</div></td></tr></table><p class="totop"><a href="#summary">back to summary</a></p><h3 id="m3">banking.TransactionNGTest#testGetTransactionType</h3><table class="result"><tr><th>Exception</th></tr><tr><td><div class="stacktrace">java.lang.AssertionError: expected [] but found [DEPOSIT]
	at banking.TransactionNGTest.testGetTransactionType(TransactionNGTest.java:144)
... Removed 28 stack frames</div></td></tr></table><p class="totop"><a href="#summary">back to summary</a></p><h3 id="m4">banking.TransactionNGTest#testSetStatus</h3><table class="result"><tr><th>Exception</th></tr><tr><td><div class="stacktrace">java.lang.NullPointerException
	at banking.TransactionNGTest.testSetStatus(TransactionNGTest.java:115)
... Removed 23 stack frames</div></td></tr></table><p class="totop"><a href="#summary">back to summary</a></p><h3 id="m5">banking.TransactionNGTest#testToString</h3><table class="result"><tr><th>Exception</th></tr><tr><td><div class="stacktrace">java.lang.AssertionError: expected [DEPOSIT             2021-02-02T08:42:02      1000.00         0.00                     SUCCESS   ] but found [[
DEPOSIT             2021-02-02T08:42:02      1000.00         0.00                     null      
]]
	at banking.TransactionNGTest.testToString(TransactionNGTest.java:162)
... Removed 28 stack frames</div></td></tr></table><p class="totop"><a href="#summary">back to summary</a></p><h3 id="m6">banking.TransactionNGTest#testGetAdditionalCharges</h3><table class="result"></table><p class="totop"><a href="#summary">back to summary</a></p></body></html>